<?xml version="1.0" encoding="UTF-8"?>
<testsuite xmlns:xsi="http://www.w3.org/2001/XMLSchema-instance" xsi:noNamespaceSchemaLocation="https://maven.apache.org/surefire/maven-surefire-plugin/xsd/surefire-test-report-3.0.xsd" version="3.0" name="com.web_service.demo_web_service.DemoWebServiceApplicationTests" time="8.441" tests="1" errors="0" skipped="0" failures="0">
  <properties>
[...]
</properties>
  <testcase name="contextLoads" classname="com.web_service.demo_web_service.DemoWebServiceApplicationTests" time="2.333">
    <system-out><![CDATA[10:58:17.951 [main] INFO org.springframework.test.context.support.AnnotationConfigContextLoaderUtils -- Could not detect default configuration classes for test class [com.web_service.demo_web_service.DemoWebServiceApplicationTests]: DemoWebServiceApplicationTests does not declare any static, non-private, non-final, nested classes annotated with @Configuration.
10:58:18.284 [main] INFO org.springframework.boot.test.context.SpringBootTestContextBootstrapper -- Found @SpringBootConfiguration com.web_service.demo_web_service.DemoWebServiceApplication for test class com.web_service.demo_web_service.DemoWebServiceApplicationTests

  .   ____          _            __ _ _
 /\\ / ___'_ __ _ _(_)_ __  __ _ \ \ \ \
( ( )\___ | '_ | '_| | '_ \/ _` | \ \ \ \
 \\/  ___)| |_)| | | | | || (_| |  ) ) ) )
  '  |____| .__|_| |_|_| |_\__, | / / / /
 =========|_|==============|___/=/_/_/_/

 :: Spring Boot ::                (v3.3.1)

2024-09-05T10:58:19.856+05:30  INFO 15248 --- [demo-web-service] [           main] c.w.d.DemoWebServiceApplicationTests     : Starting DemoWebServiceApplicationTests using Java 22.0.1 with PID 15248 (started by Me in E:\user\demo-web-service\demo-web-service)
2024-09-05T10:58:19.859+05:30  INFO 15248 --- [demo-web-service] [           main] c.w.d.DemoWebServiceApplicationTests     : No active profile set, falling back to 1 default profile: "default"
2024-09-05T10:58:23.438+05:30  INFO 15248 --- [demo-web-service] [           main] c.w.d.DemoWebServiceApplicationTests     : Started DemoWebServiceApplicationTests in 4.693 seconds (process running for 8.386)
]]></system-out>
    <system-err><![CDATA[WARNING: A Java agent has been loaded dynamically (C:\Users\Me\.m2\repository\net\bytebuddy\byte-buddy-agent\1.14.17\byte-buddy-agent-1.14.17.jar)
WARNING: If a serviceability tool is in use, please run with -XX:+EnableDynamicAgentLoading to hide this warning
WARNING: If a serviceability tool is not in use, please run with -Djdk.instrument.traceUsage for more information
WARNING: Dynamic loading of agents will be disallowed by default in a future release
]]></system-err>
  </testcase>
</testsuite>